{
    "WHITE": "CastleCrashers",
    "BLACK": "Random",
    "WINNER": "draw",
    "CONFIG": "Reg",
    "STARTING_POS": {
        "a8": "r",
        "b8": "n",
        "c8": "b",
        "d8": "q",
        "e8": "k",
        "f8": "b",
        "g8": "n",
        "h8": "r",
        "a7": "p",
        "b7": "p",
        "c7": "p",
        "d7": "p",
        "e7": "p",
        "f7": "p",
        "g7": "p",
        "h7": "p",
        "a2": "P",
        "b2": "P",
        "c2": "P",
        "d2": "P",
        "e2": "P",
        "f2": "P",
        "g2": "P",
        "h2": "P",
        "a1": "R",
        "b1": "N",
        "c1": "B",
        "d1": "Q",
        "e1": "K",
        "f1": "B",
        "g1": "N",
        "h1": "R"
    },
    "MOVES": [
        [
            "e2",
            "e4"
        ],
        [
            "d7",
            "d6"
        ],
        [
            "f1",
            "e2"
        ],
        [
            "c8",
            "e6"
        ],
        [
            "d2",
            "d4"
        ],
        [
            "e6",
            "c4"
        ],
        [
            "e2",
            "c4"
        ],
        [
            "f7",
            "f6"
        ],
        [
            "c4",
            "e2"
        ],
        [
            "e8",
            "f7"
        ],
        [
            "e1",
            "f1"
        ],
        [
            "h7",
            "h5"
        ],
        [
            "g1",
            "f3"
        ],
        [
            "a7",
            "a5"
        ],
        [
            "b2",
            "b3"
        ],
        [
            "d6",
            "d5"
        ],
        [
            "e4",
            "d5"
        ],
        [
            "h8",
            "h7"
        ],
        [
            "c2",
            "c3"
        ],
        [
            "d8",
            "d7"
        ],
        [
            "a2",
            "a3"
        ],
        [
            "d7",
            "f5"
        ],
        [
            "e2",
            "b5"
        ],
        [
            "e7",
            "e5"
        ],
        [
            "f3",
            "g1"
        ],
        [
            "b8",
            "d7"
        ],
        [
            "b5",
            "e2"
        ],
        [
            "b7",
            "b5"
        ],
        [
            "b1",
            "d2"
        ],
        [
            "h5",
            "h4"
        ],
        [
            "d1",
            "e1"
        ],
        [
            "f5",
            "g5"
        ],
        [
            "a1",
            "a2"
        ],
        [
            "g5",
            "g6"
        ],
        [
            "d4",
            "e5"
        ],
        [
            "g8",
            "e7"
        ],
        [
            "e2",
            "f3"
        ],
        [
            "g6",
            "g3"
        ],
        [
            "f2",
            "g3"
        ],
        [
            "a8",
            "a7"
        ],
        [
            "g3",
            "h4"
        ],
        [
            "e7",
            "g8"
        ],
        [
            "g1",
            "e2"
        ],
        [
            "g8",
            "e7"
        ],
        [
            "h1",
            "g1"
        ],
        [
            "e7",
            "c6"
        ],
        [
            "d5",
            "c6"
        ],
        [
            "h7",
            "h5"
        ],
        [
            "c6",
            "d7"
        ],
        [
            "f7",
            "e7"
        ],
        [
            "f3",
            "h5"
        ],
        [
            "c7",
            "c6"
        ],
        [
            "h5",
            "e8"
        ],
        [
            "f6",
            "f5"
        ],
        [
            "d2",
            "b1"
        ],
        [
            "e7",
            "d8"
        ],
        [
            "c1",
            "d2"
        ],
        [
            "g7",
            "g5"
        ],
        [
            "h4",
            "g5"
        ],
        [
            "f8",
            "a3"
        ],
        [
            "b1",
            "a3"
        ],
        [
            "d8",
            "e7"
        ],
        [
            "h2",
            "h4"
        ],
        [
            "e7",
            "d8"
        ],
        [
            "e1",
            "d1"
        ],
        [
            "d8",
            "e7"
        ],
        [
            "a2",
            "a1"
        ],
        [
            "a5",
            "a4"
        ],
        [
            "b3",
            "a4"
        ],
        [
            "b5",
            "a4"
        ],
        [
            "d1",
            "e1"
        ],
        [
            "a7",
            "a5"
        ],
        [
            "d2",
            "c1"
        ],
        [
            "a5",
            "d5"
        ],
        [
            "h4",
            "h5"
        ],
        [
            "e7",
            "e6"
        ],
        [
            "e1",
            "g3"
        ],
        [
            "d5",
            "d3"
        ],
        [
            "g3",
            "e1"
        ],
        [
            "d3",
            "d5"
        ],
        [
            "a3",
            "c4"
        ],
        [
            "d5",
            "e5"
        ],
        [
            "c1",
            "d2"
        ],
        [
            "a4",
            "a3"
        ],
        [
            "d2",
            "c1"
        ],
        [
            "e5",
            "b5"
        ],
        [
            "h5",
            "h6"
        ],
        [
            "e6",
            "e7"
        ],
        [
            "g2",
            "g3"
        ],
        [
            "b5",
            "b2"
        ],
        [
            "c4",
            "e5"
        ],
        [
            "c6",
            "c5"
        ],
        [
            "g5",
            "g6"
        ],
        [
            "e7",
            "d6"
        ],
        [
            "e2",
            "f4"
        ],
        [
            "b2",
            "b6"
        ],
        [
            "g1",
            "g2"
        ],
        [
            "b6",
            "b2"
        ],
        [
            "c3",
            "c4"
        ],
        [
            "d6",
            "e7"
        ],
        [
            "e5",
            "c6"
        ],
        [
            "e7",
            "f6"
        ],
        [
            "e1",
            "e2"
        ],
        [
            "b2",
            "b3"
        ],
        [
            "e2",
            "h5"
        ],
        [
            "b3",
            "b7"
        ],
        [
            "g2",
            "f2"
        ],
        [
            "b7",
            "b4"
        ],
        [
            "c6",
            "b8"
        ],
        [
            "b4",
            "b2"
        ],
        [
            "f4",
            "d3"
        ],
        [
            "b2",
            "c2"
        ],
        [
            "f2",
            "e2"
        ],
        [
            "c2",
            "c3"
        ],
        [
            "h5",
            "f3"
        ],
        [
            "f5",
            "f4"
        ],
        [
            "f3",
            "c6"
        ],
        [
            "f6",
            "g5"
        ],
        [
            "d3",
            "b4"
        ],
        [
            "c3",
            "d3"
        ],
        [
            "c6",
            "b7"
        ],
        [
            "g5",
            "f5"
        ],
        [
            "c1",
            "d2"
        ],
        [
            "d3",
            "d7"
        ],
        [
            "g3",
            "f4"
        ],
        [
            "d7",
            "h7"
        ],
        [
            "b7",
            "c8"
        ],
        [
            "f5",
            "f6"
        ],
        [
            "d2",
            "c1"
        ],
        [
            "h7",
            "a7"
        ],
        [
            "c8",
            "a6"
        ],
        [
            "a7",
            "a6"
        ],
        [
            "h6",
            "h7"
        ],
        [
            "f6",
            "g7"
        ],
        [
            "e2",
            "h2"
        ],
        [
            "a6",
            "e6"
        ],
        [
            "a1",
            "a3"
        ],
        [
            "e6",
            "b6"
        ],
        [
            "h2",
            "h5"
        ],
        [
            "b6",
            "b5"
        ],
        [
            "h5",
            "f5"
        ],
        [
            "b5",
            "b4"
        ],
        [
            "a3",
            "a4"
        ],
        [
            "g7",
            "h6"
        ],
        [
            "e8",
            "b5"
        ],
        [
            "h6",
            "g6"
        ],
        [
            "f5",
            "g5"
        ],
        [
            "g6",
            "f6"
        ],
        [
            "a4",
            "a6"
        ],
        [
            "f6",
            "f7"
        ],
        [
            "f1",
            "g1"
        ],
        [
            "b4",
            "c4"
        ],
        [
            "g5",
            "h5"
        ],
        [
            "c4",
            "e4"
        ],
        [
            "c1",
            "b2"
        ],
        [
            "e4",
            "e8"
        ],
        [
            "b2",
            "a3"
        ],
        [
            "f7",
            "e7"
        ],
        [
            "h5",
            "h2"
        ],
        [
            "e8",
            "f8"
        ],
        [
            "a6",
            "d6"
        ],
        [
            "e7",
            "f7"
        ],
        [
            "h2",
            "g2"
        ],
        [
            "f8",
            "c8"
        ],
        [
            "a3",
            "b4"
        ],
        [
            "c8",
            "d8"
        ],
        [
            "g2",
            "e2"
        ],
        [
            "d8",
            "f8"
        ],
        [
            "e2",
            "c2"
        ],
        [
            "f8",
            "c8"
        ],
        [
            "b4",
            "c5"
        ],
        [
            "c8",
            "h8"
        ],
        [
            "c2",
            "c1"
        ],
        [
            "h8",
            "h7"
        ],
        [
            "d6",
            "c6"
        ],
        [
            "f7",
            "e8"
        ],
        [
            "g1",
            "f1"
        ],
        [
            "h7",
            "g7"
        ],
        [
            "c5",
            "d6"
        ],
        [
            "g7",
            "b7"
        ],
        [
            "f1",
            "e1"
        ],
        [
            "b7",
            "d7"
        ],
        [
            "c6",
            "c8"
        ],
        [
            "e8",
            "f7"
        ],
        [
            "d6",
            "f8"
        ],
        [
            "f7",
            "g6"
        ],
        [
            "e1",
            "f1"
        ],
        [
            "d7",
            "a7"
        ],
        [
            "b5",
            "e8"
        ],
        [
            "g6",
            "f5"
        ],
        [
            "c1",
            "c4"
        ],
        [
            "a7",
            "f7"
        ],
        [
            "f8",
            "g7"
        ],
        [
            "f5",
            "e6"
        ],
        [
            "g7",
            "a1"
        ],
        [
            "e6",
            "e7"
        ],
        [
            "a1",
            "b2"
        ],
        [
            "f7",
            "f8"
        ],
        [
            "e8",
            "a4"
        ],
        [
            "f8",
            "f5"
        ],
        [
            "c8",
            "c6"
        ]
    ],
    "TIMES": [
        null,
        null,
        null,
        null,
        null,
        null,
        null,
        null,
        null,
        null,
        null,
        null,
        null,
        null,
        null,
        null,
        null,
        null,
        null,
        null,
        null,
        null,
        null,
        null,
        null,
        null,
        null,
        null,
        null,
        null,
        null,
        null,
        null,
        null,
        null,
        null,
        null,
        null,
        null,
        null,
        null,
        null,
        null,
        null,
        null,
        null,
        null,
        null,
        null,
        null,
        null,
        null,
        null,
        null,
        null,
        null,
        null,
        null,
        null,
        null,
        null,
        null,
        null,
        null,
        null,
        null,
        null,
        null,
        null,
        null,
        null,
        null,
        null,
        null,
        null,
        null,
        null,
        null,
        null,
        null,
        null,
        null,
        null,
        null,
        null,
        null,
        null,
        null,
        null,
        null,
        null,
        null,
        null,
        null,
        null,
        null,
        null,
        null,
        null,
        null,
        null,
        null,
        null,
        null,
        null,
        null,
        null,
        null,
        null,
        null,
        null,
        null,
        null,
        null,
        null,
        null,
        null,
        null,
        null,
        null,
        null,
        null,
        null,
        null,
        null,
        null,
        null,
        null,
        null,
        null,
        null,
        null,
        null,
        null,
        null,
        null,
        null,
        null,
        null,
        null,
        null,
        null,
        null,
        null,
        null,
        null,
        null,
        null,
        null,
        null,
        null,
        null,
        null,
        null,
        null,
        null,
        null,
        null,
        null,
        null,
        null,
        null,
        null,
        null,
        null,
        null,
        null,
        null,
        null,
        null,
        null,
        null,
        null,
        null,
        null,
        null,
        null,
        null,
        null,
        null,
        null,
        null,
        null,
        null,
        null,
        null,
        null,
        null,
        null,
        null,
        null,
        null,
        null,
        null,
        null,
        null,
        null,
        null,
        null,
        null,
        null
    ],
    "RECORD": ""
}